<?xml version="1.0" encoding="UTF-8"?>
<!-- Generated by org.testng.reporters.JUnitXMLReporter -->
<testsuite hostname="LAPTOP-H5BJUJG2" ignored="0" name="Test" tests="4" failures="0" timestamp="2020-04-28T23:21:26 IST" time="73.948" errors="0">
  <testcase name="home" time="7.536" classname="testcases.SigninPage"/>
  <testcase name="home" time="0.967" classname="testcases.SigninPage"/>
  <testcase name="validate" time="10.279" classname="testcases.ProjectNameValidate"/>
  <testcase name="validate" time="4.685" classname="testcases.DashboardValidate"/>
</testsuite> <!-- Test -->
