<?xml version="1.0" encoding="UTF-8"?>
<testng-results skipped="0" failed="0" ignored="0" total="1" passed="1">
  <reporter-output>
  </reporter-output>
  <suite name="Suite" duration-ms="73178" started-at="2020-05-06T15:41:53 IST" finished-at="2020-05-06T15:43:06 IST">
    <groups>
    </groups>
    <test name="MMT-FLight-Booking" duration-ms="73178" started-at="2020-05-06T15:41:53 IST" finished-at="2020-05-06T15:43:06 IST">
      <class name="testcases.MMT_Automation">
        <test-method status="PASS" signature="initialize()[pri:0, instance:testcases.MMT_Automation@279fedbd]" name="initialize" is-config="true" duration-ms="6644" started-at="2020-05-06T15:41:53 IST" finished-at="2020-05-06T15:41:59 IST">
          <reporter-output>
          </reporter-output>
        </test-method> <!-- initialize -->
        <test-method status="PASS" signature="bookflight()[pri:0, instance:testcases.MMT_Automation@279fedbd]" name="bookflight" duration-ms="66508" started-at="2020-05-06T15:41:59 IST" finished-at="2020-05-06T15:43:06 IST">
          <reporter-output>
          </reporter-output>
        </test-method> <!-- bookflight -->
      </class> <!-- testcases.MMT_Automation -->
    </test> <!-- MMT-FLight-Booking -->
  </suite> <!-- Suite -->
</testng-results>
