<?xml version="1.0" encoding="UTF-8"?>
<testng-results skipped="0" failed="0" ignored="0" total="1" passed="1">
  <reporter-output>
  </reporter-output>
  <suite name="Default suite" duration-ms="178971" started-at="2020-05-15T14:10:00 IST" finished-at="2020-05-15T14:12:59 IST">
    <groups>
    </groups>
    <test name="Default test" duration-ms="178971" started-at="2020-05-15T14:10:00 IST" finished-at="2020-05-15T14:12:59 IST">
      <class name="testcases.Linarc_TaskCreate_QA2">
        <test-method status="PASS" signature="initialize()[pri:0, instance:testcases.Linarc_TaskCreate_QA2@6895a785]" name="initialize" is-config="true" duration-ms="5745" started-at="2020-05-15T14:10:00 IST" finished-at="2020-05-15T14:10:06 IST">
          <reporter-output>
          </reporter-output>
        </test-method> <!-- initialize -->
        <test-method status="PASS" signature="createTasks()[pri:0, instance:testcases.Linarc_TaskCreate_QA2@6895a785]" name="createTasks" duration-ms="173207" started-at="2020-05-15T14:10:06 IST" finished-at="2020-05-15T14:12:59 IST">
          <reporter-output>
          </reporter-output>
        </test-method> <!-- createTasks -->
      </class> <!-- testcases.Linarc_TaskCreate_QA2 -->
    </test> <!-- Default test -->
  </suite> <!-- Default suite -->
</testng-results>
